{"type":"server-started","port":60077,"host":"127.0.0.1","url_host":"localhost","url":"http://localhost:60077","screen_dir":"/Users/or-rabinovich/Desktop/פיתוח/petra-app/my-video/.superpowers/brainstorm/99047-1775638388/content","state_dir":"/Users/or-rabinovich/Desktop/פיתוח/petra-app/my-video/.superpowers/brainstorm/99047-1775638388/state"}
{"type":"screen-added","file":"/Users/or-rabinovich/Desktop/פיתוח/petra-app/my-video/.superpowers/brainstorm/99047-1775638388/content/duration-format.html"}
{"type":"screen-updated","file":"/Users/or-rabinovich/Desktop/פיתוח/petra-app/my-video/.superpowers/brainstorm/99047-1775638388/content/duration-format.html"}
{"type":"screen-updated","file":"/Users/or-rabinovich/Desktop/פיתוח/petra-app/my-video/.superpowers/brainstorm/99047-1775638388/content/duration-format.html"}
{"type":"screen-updated","file":"/Users/or-rabinovich/Desktop/פיתוח/petra-app/my-video/.superpowers/brainstorm/99047-1775638388/content/duration-format.html"}
{"type":"screen-updated","file":"/Users/or-rabinovich/Desktop/פיתוח/petra-app/my-video/.superpowers/brainstorm/99047-1775638388/content/duration-format.html"}
{"source":"user-event","type":"click","text":"B\n    \n      Hero וידאו לאתר — 40–50 שניות\n      \n        מיועד בעיקר לדף הבית — רץ ברקע בלופ.\n        קצב מתון יותר — מסכים נשארים 4–5 שניות.\n        מראה 4–5 מודולים שונים של פטרה לעומק.\n        16:9. ללא קול נדרש (Autoplay).","choice":"b","id":null,"timestamp":1775638575509}
{"source":"user-event","type":"click","text":"B\n    \n      Hero וידאו לאתר — 40–50 שניות\n      \n        מיועד בעיקר לדף הבית — רץ ברקע בלופ.\n        קצב מתון יותר — מסכים נשארים 4–5 שניות.\n        מראה 4–5 מודולים שונים של פטרה לעומק.\n        16:9. ללא קול נדרש (Autoplay).","choice":"b","id":null,"timestamp":1775638577071}
{"source":"user-event","type":"click","text":"C\n    \n      גרסה כפולה — 30 שניות שמשרתת שניהם\n      \n        נבנה סרטון אחד של 30 שניות שעובד גם לאתר וגם לסושיאל.\n        פשרה: קצב בינוני, 6–7 סצנות.\n        מאוחר יותר אפשר לחתוך גרסת 9:16 ממנו.\n        ✅ המלצתי — פשוט, גמיש, חוסך עבודה כפולה.","choice":"c","id":null,"timestamp":1775638577855}
{"source":"user-event","type":"click","text":"B\n    \n      Hero וידאו לאתר — 40–50 שניות\n      \n        מיועד בעיקר לדף הבית — רץ ברקע בלופ.\n        קצב מתון יותר — מסכים נשארים 4–5 שניות.\n        מראה 4–5 מודולים שונים של פטרה לעומק.\n        16:9. ללא קול נדרש (Autoplay).","choice":"b","id":null,"timestamp":1775638578488}
{"type":"screen-added","file":"/Users/or-rabinovich/Desktop/פיתוח/petra-app/my-video/.superpowers/brainstorm/99047-1775638388/content/structure.html"}
{"type":"screen-updated","file":"/Users/or-rabinovich/Desktop/פיתוח/petra-app/my-video/.superpowers/brainstorm/99047-1775638388/content/structure.html"}
{"type":"screen-updated","file":"/Users/or-rabinovich/Desktop/פיתוח/petra-app/my-video/.superpowers/brainstorm/99047-1775638388/content/structure.html"}
{"type":"screen-updated","file":"/Users/or-rabinovich/Desktop/פיתוח/petra-app/my-video/.superpowers/brainstorm/99047-1775638388/content/structure.html"}
{"type":"screen-added","file":"/Users/or-rabinovich/Desktop/פיתוח/petra-app/my-video/.superpowers/brainstorm/99047-1775638388/content/modules.html"}
{"type":"screen-updated","file":"/Users/or-rabinovich/Desktop/פיתוח/petra-app/my-video/.superpowers/brainstorm/99047-1775638388/content/modules.html"}
{"type":"screen-updated","file":"/Users/or-rabinovich/Desktop/פיתוח/petra-app/my-video/.superpowers/brainstorm/99047-1775638388/content/modules.html"}
{"type":"screen-updated","file":"/Users/or-rabinovich/Desktop/פיתוח/petra-app/my-video/.superpowers/brainstorm/99047-1775638388/content/modules.html"}
{"type":"screen-added","file":"/Users/or-rabinovich/Desktop/פיתוח/petra-app/my-video/.superpowers/brainstorm/99047-1775638388/content/pain-style.html"}
{"type":"screen-updated","file":"/Users/or-rabinovich/Desktop/פיתוח/petra-app/my-video/.superpowers/brainstorm/99047-1775638388/content/pain-style.html"}
{"type":"screen-updated","file":"/Users/or-rabinovich/Desktop/פיתוח/petra-app/my-video/.superpowers/brainstorm/99047-1775638388/content/pain-style.html"}
{"type":"screen-updated","file":"/Users/or-rabinovich/Desktop/פיתוח/petra-app/my-video/.superpowers/brainstorm/99047-1775638388/content/pain-style.html"}
{"source":"user-event","type":"click","text":"C\n    \n      טקסט כאב ישיר על מסך האפליקציה\n      מסך האפליקציה נכנס מיד — הכאב מופיע כ-overlay טקסט עליו לשנייה, ואז נעלם.\n      \n        \n          ✗\n          לידים נופליםבין הכסאות\n        \n        →\n        \n          \n          \n          \n          מסך לידים\n        \n      \n      ✅ המלצתי — קצבי, ישיר, אפס זמן מבוזבז","choice":"c","id":null,"timestamp":1775639220393}
{"type":"screen-added","file":"/Users/or-rabinovich/Desktop/פיתוח/petra-app/my-video/.superpowers/brainstorm/99047-1775638388/content/opening.html"}
{"type":"screen-updated","file":"/Users/or-rabinovich/Desktop/פיתוח/petra-app/my-video/.superpowers/brainstorm/99047-1775638388/content/opening.html"}
{"type":"screen-updated","file":"/Users/or-rabinovich/Desktop/פיתוח/petra-app/my-video/.superpowers/brainstorm/99047-1775638388/content/opening.html"}
{"type":"screen-updated","file":"/Users/or-rabinovich/Desktop/פיתוח/petra-app/my-video/.superpowers/brainstorm/99047-1775638388/content/opening.html"}
{"type":"screen-updated","file":"/Users/or-rabinovich/Desktop/פיתוח/petra-app/my-video/.superpowers/brainstorm/99047-1775638388/content/opening.html"}
{"source":"user-event","type":"click","text":"C\n    \n      כאוס + לוגו — 4 שניות פתיחה\n      2 שורות כאב מהירות על שחור → חיתוך קצר ללוגו פטרה (\"הפתרון\") → נכנסים לאפליקציה.\n      \n        \n          לידים נופליםתורים נשכחים\n          0–2 שניות\n        \n        \n          P\n          PETRA\n          2–4 שניות\n        \n      \n      ✅ המלצתי — גם punch וגם מיתוג, עובד בכל פלטפורמה","choice":"c","id":null,"timestamp":1775639393931}
{"type":"screen-added","file":"/Users/or-rabinovich/Desktop/פיתוח/petra-app/my-video/.superpowers/brainstorm/99047-1775638388/content/waiting.html"}
{"type":"screen-updated","file":"/Users/or-rabinovich/Desktop/פיתוח/petra-app/my-video/.superpowers/brainstorm/99047-1775638388/content/waiting.html"}
{"type":"screen-updated","file":"/Users/or-rabinovich/Desktop/פיתוח/petra-app/my-video/.superpowers/brainstorm/99047-1775638388/content/waiting.html"}
{"type":"screen-updated","file":"/Users/or-rabinovich/Desktop/פיתוח/petra-app/my-video/.superpowers/brainstorm/99047-1775638388/content/waiting.html"}
{"type":"server-stopped","reason":"idle timeout"}
